DateandTime:05:24:49 Button:btnMagazines Username:zaidan99
DateandTime:05:24:50 Button:btnIncrease Username:zaidan99
DateandTime:05:24:51 Button:btnAdd Username:zaidan99
DateandTime:05:24:52 Button:btnIncrease Username:zaidan99
DateandTime:05:24:53 Button:btnAdd Username:zaidan99
DateandTime:05:24:54 Button:btnIncrease Username:zaidan99
DateandTime:05:24:54 Button:btnAdd Username:zaidan99
DateandTime:05:24:56 Button:btnCart Username:zaidan99
DateandTime:05:25:06 Button:btnpayment Username:zaidan99
DateandTime:05:25:07 Button:btnExit Username:zaidan99
DateandTime:05:25:11 Button:btnMagazines Username:zaidan99
DateandTime:05:25:12 Button:btnBooks Username:zaidan99
DateandTime:05:25:12 Button:btnMusic Username:zaidan99
DateandTime:05:25:13 Button:btnUser Username:zaidan99
DateandTime:05:25:13 Button:btnHistory Username:zaidan99
DateandTime:05:25:14 Button:btnCart Username:zaidan99
DateandTime:05:25:14 Button:btnUser Username:zaidan99
DateandTime:05:25:14 Button:btnCart Username:zaidan99
DateandTime:05:25:15 Button:btnHistory Username:zaidan99
DateandTime:05:25:30 Button:btnExit Username:zaidan99
DateandTime:05:25:34 Button:btnLogout Username:zaidan99
DateandTime:05:25:34 Button:btnLogin Username:zaidan99
DateandTime:05:25:35 Button:btnExit Username:zaidan99
DateandTime:05:40:45 Button:btnUser Username:zaidan99
DateandTime:05:40:45 Button:btnMusic Username:zaidan99
DateandTime:05:40:46 Button:btnMagazines Username:zaidan99
DateandTime:05:40:47 Button:btnBooks Username:zaidan99
DateandTime:05:40:48 Button:btnMagazines Username:zaidan99
DateandTime:05:40:49 Button:btnMusic Username:zaidan99
DateandTime:05:40:50 Button:btnUser Username:zaidan99
DateandTime:05:40:50 Button:btnLogout Username:zaidan99
DateandTime:05:40:51 Button:btnLogin Username:zaidan99
DateandTime:05:40:51 Button:btnExit Username:zaidan99
DateandTime:05:47:52 Button:btnBooks Username:zaidan99
DateandTime:05:47:54 Button:btnIncrease Username:zaidan99
DateandTime:05:47:54 Button:btnAdd Username:zaidan99
DateandTime:05:47:56 Button:btnIncrease Username:zaidan99
DateandTime:05:47:57 Button:btnAdd Username:zaidan99
DateandTime:05:47:58 Button:btnCart Username:zaidan99
DateandTime:05:48:05 Button:btnpayment Username:zaidan99
DateandTime:05:48:21 Button:btnExit Username:zaidan99
DateandTime:05:48:22 Button:btnLogout Username:zaidan99
DateandTime:05:48:22 Button:btnLogin Username:zaidan99
DateandTime:05:48:22 Button:btnExit Username:zaidan99
DateandTime:05:51:10 Button:btnMusic Username:zaidan99
DateandTime:05:51:12 Button:btnIncrease Username:zaidan99
DateandTime:05:51:12 Button:btnAdd Username:zaidan99
DateandTime:05:51:13 Button:btnCart Username:zaidan99
DateandTime:05:51:17 Button:btnpayment Username:zaidan99
DateandTime:05:51:18 Button:btnExit Username:zaidan99
DateandTime:05:51:19 Button:btnLogout Username:zaidan99
DateandTime:05:51:19 Button:btnLogin Username:zaidan99
DateandTime:05:51:19 Button:btnExit Username:zaidan99
DateandTime:05:51:51 Button:btnMagazines Username:zaidan99
DateandTime:05:51:53 Button:btnIncrease Username:zaidan99
DateandTime:05:51:54 Button:btnAdd Username:zaidan99
DateandTime:05:51:55 Button:btnUser Username:zaidan99
DateandTime:05:51:55 Button:btnCart Username:zaidan99
DateandTime:05:51:59 Button:btnpayment Username:zaidan99
DateandTime:05:52:00 Button:btnExit Username:zaidan99
DateandTime:05:52:00 Button:btnLogout Username:zaidan99
DateandTime:05:52:00 Button:btnLogin Username:zaidan99
DateandTime:05:52:01 Button:btnExit Username:zaidan99
DateandTime:05:56:00 Button:btnMusic Username:zaidan99
DateandTime:05:56:02 Button:btnIncrease Username:zaidan99
DateandTime:05:56:03 Button:btnAdd Username:zaidan99
DateandTime:05:56:04 Button:btnUser Username:zaidan99
DateandTime:05:56:04 Button:btnCart Username:zaidan99
DateandTime:05:56:08 Button:btnpayment Username:zaidan99
DateandTime:05:56:09 Button:btnExit Username:zaidan99
DateandTime:05:56:10 Button:btnLogout Username:zaidan99
DateandTime:05:56:10 Button:btnLogin Username:zaidan99
DateandTime:05:56:11 Button:btnExit Username:zaidan99
DateandTime:05:56:44 Button:btnMusic Username:zaidan99
DateandTime:05:56:46 Button:btnIncrease Username:zaidan99
DateandTime:05:56:47 Button:btnAdd Username:zaidan99
DateandTime:05:56:48 Button:btnCart Username:zaidan99
DateandTime:05:56:52 Button:btnpayment Username:zaidan99
DateandTime:05:56:53 Button:btnExit Username:zaidan99
DateandTime:05:56:53 Button:btnLogout Username:zaidan99
DateandTime:05:56:53 Button:btnLogin Username:zaidan99
DateandTime:05:56:53 Button:btnExit Username:zaidan99
DateandTime:05:58:31 Button:btnCart Username:zaidan99
DateandTime:05:58:32 Button:btnMusic Username:zaidan99
DateandTime:05:58:33 Button:btnIncrease Username:zaidan99
DateandTime:05:58:34 Button:btnAdd Username:zaidan99
DateandTime:05:58:35 Button:btnCart Username:zaidan99
DateandTime:05:58:40 Button:btnpayment Username:zaidan99
DateandTime:05:59:06 Button:btnExit Username:zaidan99
DateandTime:05:59:06 Button:btnLogout Username:zaidan99
DateandTime:05:59:06 Button:btnLogin Username:zaidan99
DateandTime:05:59:07 Button:btnExit Username:zaidan99
DateandTime:06:00:58 Button:btnMusic Username:zaidan99
DateandTime:06:01:00 Button:btnIncrease Username:zaidan99
DateandTime:06:01:00 Button:btnAdd Username:zaidan99
DateandTime:06:01:01 Button:btnCart Username:zaidan99
DateandTime:06:01:06 Button:btnpayment Username:zaidan99
DateandTime:06:01:07 Button:btnExit Username:zaidan99
DateandTime:06:01:07 Button:btnLogout Username:zaidan99
DateandTime:06:01:07 Button:btnLogin Username:zaidan99
DateandTime:06:01:07 Button:btnExit Username:zaidan99
DateandTime:06:02:39 Button:btnUser Username:zaidan99
DateandTime:06:02:40 Button:btnCart Username:zaidan99
DateandTime:06:02:41 Button:btnMusic Username:zaidan99
DateandTime:06:02:42 Button:btnIncrease Username:zaidan99
DateandTime:06:02:43 Button:btnIncrease Username:zaidan99
DateandTime:06:02:43 Button:btnAdd Username:zaidan99
DateandTime:06:02:44 Button:btnCart Username:zaidan99
DateandTime:06:02:50 Button:btnpayment Username:zaidan99
DateandTime:06:03:00 Button:btnExit Username:zaidan99
DateandTime:06:03:01 Button:btnLogout Username:zaidan99
DateandTime:06:03:01 Button:btnLogin Username:zaidan99
DateandTime:06:03:09 Button:btnExit Username:zaidan99
DateandTime:06:10:46 Button:btnUser Username:zaidan99
DateandTime:06:10:48 Button:btnMagazines Username:zaidan99
DateandTime:06:10:50 Button:btnIncrease Username:zaidan99
DateandTime:06:10:51 Button:btnAdd Username:zaidan99
DateandTime:06:10:52 Button:btnMusic Username:zaidan99
DateandTime:06:10:53 Button:btnIncrease Username:zaidan99
DateandTime:06:10:53 Button:btnIncrease Username:zaidan99
DateandTime:06:10:54 Button:btnAdd Username:zaidan99
DateandTime:06:10:55 Button:btnHistory Username:zaidan99
DateandTime:06:10:59 Button:btnCart Username:zaidan99
DateandTime:06:10:59 Button:btnUser Username:zaidan99
DateandTime:06:11:00 Button:btnCart Username:zaidan99
DateandTime:06:11:06 Button:btnpayment Username:zaidan99
DateandTime:06:11:35 Button:btnExit Username:zaidan99
DateandTime:06:11:36 Button:btnLogout Username:zaidan99
DateandTime:06:11:36 Button:btnLogin Username:zaidan99
DateandTime:06:11:37 Button:btnExit Username:zaidan99
DateandTime:06:38:24 Button:btnMusic Username:zaidan99
DateandTime:06:38:25 Button:btnIncrease Username:zaidan99
DateandTime:06:38:26 Button:btnIncrease Username:zaidan99
DateandTime:06:38:26 Button:btnAdd Username:zaidan99
DateandTime:06:38:27 Button:btnCart Username:zaidan99
DateandTime:06:38:33 Button:btnpayment Username:zaidan99
DateandTime:06:39:19 Button:btnExit Username:zaidan99
DateandTime:06:39:20 Button:btnLogout Username:zaidan99
DateandTime:06:39:20 Button:btnLogin Username:zaidan99
DateandTime:06:39:21 Button:btnExit Username:zaidan99
DateandTime:06:45:07 Button:btnMusic Username:zaidan99
DateandTime:06:45:09 Button:btnIncrease Username:zaidan99
DateandTime:06:45:09 Button:btnAdd Username:zaidan99
DateandTime:06:45:10 Button:btnCart Username:zaidan99
DateandTime:06:45:15 Button:btnpayment Username:zaidan99
DateandTime:06:45:46 Button:btnExit Username:zaidan99
DateandTime:06:45:48 Button:btnBooks Username:zaidan99
DateandTime:06:45:48 Button:btnHome Username:zaidan99
DateandTime:06:45:49 Button:btnHome Username:zaidan99
DateandTime:06:45:50 Button:btnBooks Username:zaidan99
DateandTime:06:45:50 Button:btnMagazines Username:zaidan99
DateandTime:06:45:50 Button:btnMagazines Username:zaidan99
DateandTime:06:45:51 Button:btnMusic Username:zaidan99
DateandTime:06:45:51 Button:btnUser Username:zaidan99
DateandTime:06:45:52 Button:btnCart Username:zaidan99
DateandTime:06:45:53 Button:btnHistory Username:zaidan99
DateandTime:06:45:58 Button:btnExit Username:zaidan99
DateandTime:06:46:00 Button:btnExit Username:zaidan99
DateandTime:06:46:03 Button:btnExit Username:zaidan99
DateandTime:06:46:07 Button:btnExit Username:zaidan99
DateandTime:06:46:10 Button:btnExit Username:zaidan99
DateandTime:06:46:12 Button:btnBooks Username:zaidan99
DateandTime:06:46:13 Button:btnMagazines Username:zaidan99
DateandTime:06:46:13 Button:btnMagazines Username:zaidan99
DateandTime:06:46:14 Button:btnMusic Username:zaidan99
DateandTime:06:46:15 Button:btnMagazines Username:zaidan99
DateandTime:06:46:15 Button:btnMusic Username:zaidan99
DateandTime:06:46:16 Button:btnMagazines Username:zaidan99
DateandTime:06:46:16 Button:btnBooks Username:zaidan99
DateandTime:06:46:17 Button:btnHome Username:zaidan99
DateandTime:06:46:23 Button:btnBooks Username:zaidan99
DateandTime:06:46:24 Button:btnMagazines Username:zaidan99
DateandTime:06:46:24 Button:btnMusic Username:zaidan99
DateandTime:06:46:26 Button:btnMagazines Username:zaidan99
DateandTime:06:46:26 Button:btnBooks Username:zaidan99
DateandTime:06:46:27 Button:btnMagazines Username:zaidan99
DateandTime:06:46:31 Button:btnBooks Username:zaidan99
DateandTime:06:46:33 Button:btnCart Username:zaidan99
DateandTime:06:46:34 Button:btnUser Username:zaidan99
DateandTime:06:46:34 Button:btnMusic Username:zaidan99
DateandTime:06:46:35 Button:btnMagazines Username:zaidan99
DateandTime:06:46:36 Button:btnBooks Username:zaidan99
DateandTime:06:46:36 Button:btnHome Username:zaidan99
DateandTime:06:46:37 Button:btnHistory Username:zaidan99
DateandTime:06:46:38 Button:btnCart Username:zaidan99
DateandTime:06:46:39 Button:btnLogout Username:zaidan99
DateandTime:07:45:20 Button:btnBooks Username:zaidan99
DateandTime:07:58:39 Button:btnMagazines Username:zaidan99
DateandTime:07:58:40 Button:btnHome Username:zaidan99
DateandTime:07:58:44 Button:btnLogout Username:zaidan99
DateandTime:08:00:51 Button:btnUser Username:zaidan99
DateandTime:08:00:52 Button:btnHome Username:zaidan99
DateandTime:08:00:54 Button:btnLogout Username:zaidan99
DateandTime:08:01:23 Button:btnBooks Username:zaidan99
DateandTime:08:01:24 Button:btnHome Username:zaidan99
DateandTime:08:01:25 Button:btnLogout Username:zaidan99
DateandTime:08:01:54 Button:btnMusic Username:zaidan99
DateandTime:08:01:55 Button:btnHome Username:zaidan99
DateandTime:08:01:57 Button:btnLogout Username:zaidan99
DateandTime:08:03:08 Button:btnMusic Username:zaidan99
DateandTime:08:03:09 Button:btnHome Username:zaidan99
DateandTime:08:03:16 Button:btnLogout Username:zaidan99
DateandTime:08:10:18 Button:btnBooks Username:zaidan99
DateandTime:08:10:19 Button:btnMagazines Username:zaidan99
DateandTime:08:10:22 Button:btnHome Username:zaidan99
DateandTime:08:10:29 Button:btnLogout Username:zaidan99
DateandTime:08:12:06 Button:btnLogout Username:zaidan99
DateandTime:08:22:11 Button:btnLogout Username:zaidan99
DateandTime:08:30:48 Button:btnLogout Username:zaidan99
DateandTime:08:31:28 Button:btnLogout Username:zaidan99
DateandTime:08:34:54 Button:btnMusic Username:zaidan99
DateandTime:08:34:54 Button:btnUser Username:zaidan99
DateandTime:08:34:55 Button:btnMagazines Username:zaidan99
DateandTime:08:34:57 Button:btnLogout Username:zaidan99
DateandTime:09:08:46 Button:btnMagazines Username:zaidan99
DateandTime:09:08:48 Button:btnUser Username:zaidan99
DateandTime:09:08:51 Button:btnLogout Username:zaidan99
DateandTime:09:10:45 Button:btnUser Username:zaidan99
DateandTime:09:10:46 Button:btnLogout Username:zaidan99
DateandTime:09:19:36 Button:btnUser Username:zaidan99
DateandTime:09:19:38 Button:btnLogout Username:zaidan99
DateandTime:09:36:11 Button:btnCart Username:zaidan99
DateandTime:09:41:02 Button:btnUser Username:zaidan99
DateandTime:09:41:05 Button:btnLogout Username:zaidan99
DateandTime:09:42:03 Button:btnMagazines Username:zaidan99
DateandTime:09:42:05 Button:btnUser Username:zaidan99
DateandTime:09:42:12 Button:btnLogout Username:zaidan99
DateandTime:09:42:55 Button:btnUser Username:zaidan99
DateandTime:09:42:57 Button:btnLogout Username:zaidan99
DateandTime:09:45:23 Button:btnHistory Username:zaidan99
DateandTime:09:45:26 Button:btnUser Username:zaidan99
DateandTime:09:45:34 Button:btnLogout Username:zaidan99
DateandTime:09:46:48 Button:btnUser Username:zaidan99
DateandTime:09:47:37 Button:btnUser Username:zaidan99
DateandTime:09:47:42 Button:btnLogout Username:zaidan99
DateandTime:09:51:13 Button:btnCart Username:zaidan99
DateandTime:09:51:14 Button:btnHistory Username:zaidan99
DateandTime:09:51:17 Button:btnUser Username:zaidan99
DateandTime:09:51:18 Button:btnUser Username:zaidan99
DateandTime:09:51:54 Button:btnLogout Username:zaidan99
DateandTime:10:01:15 Button:btnUser Username:zaidan99
DateandTime:10:01:26 Button:btnLogout Username:zaidan99
DateandTime:10:01:51 Button:btnMusic Username:zaidan99
DateandTime:10:02:07 Button:btnUser Username:zaidan99
DateandTime:10:03:13 Button:btnUser Username:zaidan99
DateandTime:10:27:10 Button:btnIncrease Username:zaidan99
DateandTime:10:27:10 Button:btnIncrease Username:zaidan99
DateandTime:10:27:10 Button:btnAdd Username:zaidan99
DateandTime:10:27:12 Button:btnIncrease Username:zaidan99
DateandTime:10:27:13 Button:btnIncrease Username:zaidan99
DateandTime:10:27:14 Button:btnAdd Username:zaidan99
DateandTime:10:27:29 Button:btnAdd Username:zaidan99
DateandTime:10:27:31 Button:btnAdd Username:zaidan99
DateandTime:10:27:32 Button:btnAdd Username:zaidan99
DateandTime:10:27:35 Button:btnIncrease Username:zaidan99
DateandTime:10:27:35 Button:btnIncrease Username:zaidan99
DateandTime:10:27:36 Button:btnAdd Username:zaidan99
DateandTime:10:27:38 Button:btnIncrease Username:zaidan99
DateandTime:10:27:38 Button:btnIncrease Username:zaidan99
DateandTime:10:27:39 Button:btnAdd Username:zaidan99
DateandTime:10:27:42 Button:btnIncrease Username:zaidan99
DateandTime:10:27:43 Button:btnAdd Username:zaidan99
DateandTime:10:28:00 Button:btnpayment Username:zaidan99
DateandTime:10:28:02 Button:btnExit Username:zaidan99
DateandTime:15:30:38 Button:btnIncrease Username:zaidan99
DateandTime:15:30:38 Button:btnAdd Username:zaidan99
DateandTime:15:30:47 Button:btnpayment Username:zaidan99
DateandTime:15:30:48 Button:btnExit Username:zaidan99
DateandTime:15:36:19 Button:btnIncrease Username:zaidan99
DateandTime:15:36:20 Button:btnAdd Username:zaidan99
DateandTime:15:36:26 Button:btnpayment Username:zaidan99
DateandTime:15:36:37 Button:btnExit Username:zaidan99
DateandTime:16:19:33 Button:btnIncrease Username:zaidan99
DateandTime:16:19:33 Button:btnAdd Username:zaidan99
DateandTime:16:33:30 Button:btnpayment Username:zaidan99
DateandTime:16:33:42 Button:btnExit Username:zaidan99
